C:\Program Files\Microsoft Visual Studio\2022\Community\MSBuild\Microsoft\VC\v170\Microsoft.CppClean.targets(77,5): warning : Access to the path 'e:\desktop\minecraft shits\minecraft\x64\release\minecraft.dll' is denied.
  dllmain.cpp
  imgui_impl_opengl3.cpp
  imgui_impl_win32.cpp
  imgui.cpp
  imgui_draw.cpp
  imgui_tables.cpp
  imgui_widgets.cpp
  overlay.cpp
  Minecraft.cpp
  Player.cpp
  World.cpp
  buffer.c
  hde64.c
  hook.c
  trampoline.c
overlay.obj : warning LNK4006: "void __cdecl ImGui_ImplWin32_EnableAlphaCompositing(void *)" (?ImGui_ImplWin32_EnableAlphaCompositing@@YAXPEAX@Z) already defined in imgui_impl_win32.obj; second definition ignored
overlay.obj : warning LNK4006: "float __cdecl ImGui_ImplWin32_GetDpiScaleForHwnd(void *)" (?ImGui_ImplWin32_GetDpiScaleForHwnd@@YAMPEAX@Z) already defined in imgui_impl_win32.obj; second definition ignored
overlay.obj : warning LNK4006: "float __cdecl ImGui_ImplWin32_GetDpiScaleForMonitor(void *)" (?ImGui_ImplWin32_GetDpiScaleForMonitor@@YAMPEAX@Z) already defined in imgui_impl_win32.obj; second definition ignored
overlay.obj : warning LNK4006: "void __cdecl ImGui_ImplWin32_EnableDpiAwareness(void)" (?ImGui_ImplWin32_EnableDpiAwareness@@YAXXZ) already defined in imgui_impl_win32.obj; second definition ignored
overlay.obj : warning LNK4006: "__int64 __cdecl ImGui_ImplWin32_WndProcHandlerEx(struct HWND__ *,unsigned int,unsigned __int64,__int64,struct ImGuiIO &)" (?ImGui_ImplWin32_WndProcHandlerEx@@YA_JPEAUHWND__@@I_K_JAEAUImGuiIO@@@Z) already defined in imgui_impl_win32.obj; second definition ignored
overlay.obj : warning LNK4006: "__int64 __cdecl ImGui_ImplWin32_WndProcHandler(struct HWND__ *,unsigned int,unsigned __int64,__int64)" (?ImGui_ImplWin32_WndProcHandler@@YA_JPEAUHWND__@@I_K_J@Z) already defined in imgui_impl_win32.obj; second definition ignored
overlay.obj : warning LNK4006: "enum ImGuiKey __cdecl ImGui_ImplWin32_KeyEventToImGuiKey(unsigned __int64,__int64)" (?ImGui_ImplWin32_KeyEventToImGuiKey@@YA?AW4ImGuiKey@@_K_J@Z) already defined in imgui_impl_win32.obj; second definition ignored
overlay.obj : warning LNK4006: "void __cdecl ImGui_ImplWin32_NewFrame(void)" (?ImGui_ImplWin32_NewFrame@@YAXXZ) already defined in imgui_impl_win32.obj; second definition ignored
overlay.obj : warning LNK4006: "void __cdecl ImGui_ImplWin32_Shutdown(void)" (?ImGui_ImplWin32_Shutdown@@YAXXZ) already defined in imgui_impl_win32.obj; second definition ignored
overlay.obj : warning LNK4006: "bool __cdecl ImGui_ImplWin32_InitForOpenGL(void *)" (?ImGui_ImplWin32_InitForOpenGL@@YA_NPEAX@Z) already defined in imgui_impl_win32.obj; second definition ignored
overlay.obj : warning LNK4006: "bool __cdecl ImGui_ImplWin32_Init(void *)" (?ImGui_ImplWin32_Init@@YA_NPEAX@Z) already defined in imgui_impl_win32.obj; second definition ignored
minecraft\x64\Release\imgui_impl_win32.obj : warning LNK4042: object specified more than once; extras ignored
E:\Desktop\minecraft shits\minecraft\x64\Release\minecraft.dll : warning LNK4088: image being generated due to /FORCE option; image may not run
  Generating code
  Previous IPDB not found, fall back to full compilation.
  All 1786 functions were compiled because no usable IPDB/IOBJ from previous compilation was found.
  Finished generating code
  minecraft.vcxproj -> E:\Desktop\minecraft shits\minecraft\x64\Release\minecraft.dll
  'pwsh.exe' is not recognized as an internal or external command,
  operable program or batch file.
