e:\desktop\minecraft shits\minecraft\minecraft\x64\release\vc143.pdb
e:\desktop\minecraft shits\minecraft\minecraft\x64\release\world.obj
e:\desktop\minecraft shits\minecraft\minecraft\x64\release\player.obj
e:\desktop\minecraft shits\minecraft\minecraft\x64\release\minecraft.obj
e:\desktop\minecraft shits\minecraft\minecraft\x64\release\overlay.obj
e:\desktop\minecraft shits\minecraft\minecraft\x64\release\imgui_widgets.obj
e:\desktop\minecraft shits\minecraft\minecraft\x64\release\imgui_tables.obj
e:\desktop\minecraft shits\minecraft\minecraft\x64\release\imgui_draw.obj
e:\desktop\minecraft shits\minecraft\minecraft\x64\release\imgui.obj
e:\desktop\minecraft shits\minecraft\minecraft\x64\release\imgui_impl_win32.obj
e:\desktop\minecraft shits\minecraft\minecraft\x64\release\imgui_impl_opengl3.obj
e:\desktop\minecraft shits\minecraft\minecraft\x64\release\dllmain.obj
e:\desktop\minecraft shits\minecraft\minecraft\x64\release\trampoline.obj
e:\desktop\minecraft shits\minecraft\minecraft\x64\release\hook.obj
e:\desktop\minecraft shits\minecraft\minecraft\x64\release\hde64.obj
e:\desktop\minecraft shits\minecraft\minecraft\x64\release\buffer.obj
e:\desktop\minecraft shits\minecraft\x64\release\minecraft.dll
e:\desktop\minecraft shits\minecraft\x64\release\minecraft.pdb
e:\desktop\minecraft shits\minecraft\minecraft\x64\release\minecraft.ipdb
e:\desktop\minecraft shits\minecraft\minecraft\x64\release\minecraft.iobj
e:\desktop\minecraft shits\minecraft\minecraft\x64\release\minecraft.tlog\cl.command.1.tlog
e:\desktop\minecraft shits\minecraft\minecraft\x64\release\minecraft.tlog\cl.items.tlog
e:\desktop\minecraft shits\minecraft\minecraft\x64\release\minecraft.tlog\cl.read.1.tlog
e:\desktop\minecraft shits\minecraft\minecraft\x64\release\minecraft.tlog\cl.write.1.tlog
e:\desktop\minecraft shits\minecraft\minecraft\x64\release\minecraft.tlog\link.command.1.tlog
e:\desktop\minecraft shits\minecraft\minecraft\x64\release\minecraft.tlog\link.read.1.tlog
e:\desktop\minecraft shits\minecraft\minecraft\x64\release\minecraft.tlog\link.secondary.1.tlog
e:\desktop\minecraft shits\minecraft\minecraft\x64\release\minecraft.tlog\link.write.1.tlog
